<?xml version="1.0" encoding="UTF-8"?>
<!-- Generated by org.testng.reporters.JUnitReportReporter -->
<testsuite hostname="RemyaNidheesh" failures="0" tests="1" name="test.LoginTest" time="14.891" errors="0" timestamp="2024-01-22T20:47:36 IST" skipped="0">
  <testcase classname="test.LoginTest" name="verify" time="14.891"/>
  <system-out/>
</testsuite> <!-- test.LoginTest -->
